Build started 28.12.2013 3:35:03.
     1>Project "C:\Users\Terier\documents\visual studio 2010\Projects\RGTISeminar\RGTISeminar.vcxproj" on node 2 (build target(s)).
     1>InitializeBuildStatus:
         Creating "Release\RGTISeminar.unsuccessfulbuild" because "AlwaysCreate" was specified.
       ClCompile:
         c:\Program Files (x86)\Microsoft Visual Studio 10.0\VC\bin\CL.exe /c /IC:\Data\Programiranje\freeglut\include /IC:\Data\Programiranje\GLEW\include /IC:\Data\Programiranje\Bullet\src /Zi /nologo /W3 /WX- /O2 /Oi /Oy- /GL /D _CRT_SECURE_NO_WARNINGS /D _MBCS /Gm- /EHsc /MD /GS /Gy /fp:precise /Zc:wchar_t /Zc:forScope /Fo"Release\\" /Fd"Release\vc100.pdb" /Gd /TP /analyze- /errorReport:prompt CGLUTApplication.cpp
         CGLUTApplication.cpp
         All outputs are up-to-date.
       Link:
         c:\Program Files (x86)\Microsoft Visual Studio 10.0\VC\bin\link.exe /ERRORREPORT:PROMPT /OUT:"C:\Users\Terier\documents\visual studio 2010\Projects\RGTISeminar\Release\RGTISeminar.exe" /NOLOGO /LIBPATH:C:\Data\Programiranje\GLEW\lib\Release\Win32 /LIBPATH:C:\Data\Programiranje\freeglut\lib\x86 /LIBPATH:C:\Data\Programiranje\Bullet\lib\Release opengl32.lib glew32.lib glu32.lib BulletDynamics.lib BulletCollision.lib LinearMath.lib kernel32.lib user32.lib gdi32.lib winspool.lib comdlg32.lib advapi32.lib shell32.lib ole32.lib oleaut32.lib uuid.lib odbc32.lib odbccp32.lib /MANIFEST /ManifestFile:"Release\RGTISeminar.exe.intermediate.manifest" /MANIFESTUAC:"level='asInvoker' uiAccess='false'" /DEBUG /PDB:"C:\Users\Terier\documents\visual studio 2010\Projects\RGTISeminar\Release\RGTISeminar.pdb" /OPT:REF /OPT:ICF /LTCG /TLBID:1 /DYNAMICBASE /NXCOMPAT /IMPLIB:"C:\Users\Terier\documents\visual studio 2010\Projects\RGTISeminar\Release\RGTISeminar.lib" /MACHINE:X86 Release\blockGenerator.obj
         Release\CCamera.obj
         Release\CCameraFollower.obj
         Release\CCameraFPS.obj
         Release\CGLUTApplication.obj
         Release\CMesh.obj
         Release\CObject.obj
         Release\CObjectMesh.obj
         Release\CObjectSkyDome.obj
         Release\CPhysicsObject.obj
         Release\CPhysicsWorld.obj
         Release\CScene.obj
         Release\CSpline.obj
         Release\glsl.obj
         Release\icr_loader.obj
         Release\main.obj
         Release\mat4.obj
         Release\stb_image.obj
         Release\tiny_obj_loader.obj
         Release\utils.obj
         Generating code
         Finished generating code
         RGTISeminar.vcxproj -> C:\Users\Terier\documents\visual studio 2010\Projects\RGTISeminar\Release\RGTISeminar.exe
       Manifest:
         C:\Program Files (x86)\Microsoft SDKs\Windows\v7.0A\bin\mt.exe /nologo /verbose /outputresource:"C:\Users\Terier\documents\visual studio 2010\Projects\RGTISeminar\Release\RGTISeminar.exe;#1" /manifest Release\RGTISeminar.exe.intermediate.manifest
       FinalizeBuildStatus:
         Deleting file "Release\RGTISeminar.unsuccessfulbuild".
         Touching "Release\RGTISeminar.lastbuildstate".
     1>Done Building Project "C:\Users\Terier\documents\visual studio 2010\Projects\RGTISeminar\RGTISeminar.vcxproj" (build target(s)).

Build succeeded.

Time Elapsed 00:00:13.65
